<?xml version="1.0" encoding="UTF-8"?>
<!-- Generated by org.testng.reporters.JUnitReportReporter -->
<testsuite name="com.wdhybridFW.TestCases.TC_LoginTest_001" tests="1" time="0.806" ignored="2" failures="0" timestamp="27 Jul 2018 00:52:09 GMT" skipped="0" hostname="DESKTOP-ON5DV80" errors="0">
  <testcase name="logintest" time="0.806" classname="com.wdhybridFW.TestCases.TC_LoginTest_001"/>
  <testcase name="teardown" classname="com.wdhybridFW.TestCases.BaseClass">
    <skipped/>
  </testcase> <!-- teardown -->
  <testcase name="setup" classname="com.wdhybridFW.TestCases.BaseClass">
    <skipped/>
  </testcase> <!-- setup -->
</testsuite> <!-- com.wdhybridFW.TestCases.TC_LoginTest_001 -->
